[18:56:01] [main/INFO] (FabricLoader/GameProvider) Loading Minecraft 1.16.5 with Fabric Loader 0.16.9
[18:56:01] [ForkJoinPool-1-worker-1/WARN] (FabricLoader/Metadata) Mod flexfov uses the version ${version} which isn't compatible with Loader's extended semantic version format (Could not parse version number component '${version}'!), SemVer is recommended for reliably evaluating dependencies and prioritizing newer version
[18:56:01] [main/INFO] (FabricLoader) Loading 49 mods:
	- fabric 0.42.0+1.16
	- fabric-api-base 0.4.0+3cc0f0907d
	- fabric-api-lookup-api-v1 1.3.1+3cc0f0907d
	- fabric-biome-api-v1 3.1.13+3cc0f0907d
	- fabric-blockrenderlayer-v1 1.1.6+3cc0f0907d
	- fabric-command-api-v1 1.1.3+3cc0f0907d
	- fabric-commands-v0 0.2.3+3cc0f0907d
	- fabric-containers-v0 0.1.12+3cc0f0907d
	- fabric-content-registries-v0 0.2.5+3cc0f0907d
	- fabric-crash-report-info-v1 0.1.4+3cc0f0907d
	- fabric-dimensions-v1 2.0.8+3cc0f0907d
	- fabric-entity-events-v1 1.2.4+3cc0f0907d
	- fabric-events-interaction-v0 0.4.5+3cc0f0907d
	- fabric-events-lifecycle-v0 0.2.2+3cc0f0907d
	- fabric-game-rule-api-v1 1.0.7+3cc0f0907d
	- fabric-item-api-v1 1.2.2+3cc0f0907d
	- fabric-item-groups-v0 0.3.1+3cc0f0907d
	- fabric-key-binding-api-v1 1.0.5+3cc0f0907d
	- fabric-keybindings-v0 0.2.2+3cc0f0907d
	- fabric-lifecycle-events-v1 1.2.2+3cc0f0907d
	- fabric-loot-tables-v1 1.0.3+3cc0f0907d
	- fabric-mining-levels-v0 0.1.4+3cc0f0907d
	- fabric-models-v0 0.3.1+3cc0f0907d
	- fabric-networking-api-v1 1.0.5+3cc0f0907d
	- fabric-networking-blockentity-v0 0.2.9+3cc0f0907d
	- fabric-networking-v0 0.3.3+3cc0f0907d
	- fabric-object-builder-api-v1 1.9.6+3cc0f0907d
	- fabric-object-builders-v0 0.7.3+3cc0f0907d
	- fabric-particles-v1 0.2.5+3cc0f0907d
	- fabric-registry-sync-v0 0.7.6+3cc0f0907d
	- fabric-renderer-api-v1 0.4.5+3cc0f0907d
	- fabric-renderer-indigo 0.4.5+3cc0f0907d
	- fabric-renderer-registries-v1 2.3.1+3cc0f0907d
	- fabric-rendering-data-attachment-v1 0.1.6+3cc0f0907d
	- fabric-rendering-fluids-v1 0.1.15+3cc0f0907d
	- fabric-rendering-v0 1.1.3+3cc0f0907d
	- fabric-rendering-v1 1.6.1+3cc0f0907d
	- fabric-resource-loader-v0 0.4.8+3cc0f0907d
	- fabric-screen-api-v1 1.0.1+3cc0f0907d
	- fabric-screen-handler-api-v1 1.1.6+3cc0f0907d
	- fabric-structure-api-v1 1.1.12+3cc0f0907d
	- fabric-tag-extensions-v0 1.1.2+3cc0f0907d
	- fabric-textures-v0 1.0.7+3cc0f0907d
	- fabric-tool-attribute-api-v1 1.2.8+3cc0f0907d
	- fabric-transfer-api-v1 1.5.0+3cc0f0907d
	- fabricloader 0.16.9
	- flexfov ${version}
	- java 20
	- minecraft 1.16.5
[18:56:01] [main/INFO] (FabricLoader/Mixin) SpongePowered MIXIN Subsystem Version=0.8.7 Source=file:/C:/Users/mine/.gradle/caches/modules-2/files-2.1/net.fabricmc/sponge-mixin/0.15.4+mixin.0.8.7/6a12aacc794f1078458433116e9ed42c1cc98096/sponge-mixin-0.15.4+mixin.0.8.7.jar Service=Knot/Fabric Env=CLIENT
[18:56:02] [main/INFO] (FabricLoader/Mixin) Loaded Fabric development mappings for mixin remapper!
[18:56:05] [main/INFO] (Minecraft) Environment: authHost='https://authserver.mojang.com', accountsHost='https://api.mojang.com', sessionHost='https://sessionserver.mojang.com', servicesHost='https://api.minecraftservices.com', name='PROD'
[18:56:06] [main/INFO] (Minecraft) Setting user: Player75
[18:56:06] [main/INFO] (Indigo) [Indigo] Registering Indigo renderer!
[18:56:06] [main/INFO] (Minecraft) [STDOUT]: FlexFOV loaded
[18:56:06] [main/INFO] (Minecraft) Backend library: LWJGL version 3.2.2 build 10
[18:56:07] [main/INFO] (Minecraft) [STDERR]: [LWJGL] [ThreadLocalUtil] Unsupported JNI version detected, this may result in a crash. Please inform LWJGL developers.
[18:56:08] [main/INFO] (Minecraft) Narrator library for x64 successfully loaded
[18:56:08] [main/INFO] (Minecraft) Reloading ResourceManager: Default, Fabric Mods (Fabric Structure API (v1), Fabric Models (v0), Fabric Lifecycle Events (v1), Fabric Rendering Data Attachment (v1), Fabric Entity Events (v1), Fabric Renderer - Indigo, Fabric Rendering Fluids (v1), Fabric Loader, Fabric Mining Levels (v0), Fabric Screen Handler API (v1), Fabric Item Groups (v0), Fabric Resource Loader (v0), Fabric Item API (v1), Fabric Dimensions API (v1), Fabric Content Registries (v0), Fabric Crash Report Info (v1), Fabric Key Binding API (v1), Fabric API, Fabric Containers (v0), Fabric API Base, Fabric Networking API (v1), Flex FOV, Fabric Rendering (v1), Fabric Key Bindings (v0), Fabric Loot Tables (v1), Fabric Screen API (v1), Fabric Tool Attribute API (v1), Fabric Renderer API (v1), Fabric Registry Sync (v0), Fabric Events Lifecycle (v0), Fabric Networking Block Entity (v0), Fabric Object Builder API (v1), Fabric Networking (v0), Fabric Command API (v1), Fabric Object Builders (v0), Fabric Biome API (v1), Fabric API Lookup API (v1), Fabric Particles (v1), Fabric Commands (v0), Fabric Tag Extensions (v0), Fabric Rendering (v0), Fabric Textures (v0), Fabric BlockRenderLayer Registration (v1), Fabric Renderer Registries (v1), Fabric Game Rule API (v1), Fabric Transfer API (v1), Fabric Events Interaction (v0))
[18:56:08] [Realms Notification Availability checker #1/INFO] (Minecraft) Could not authorize you against Realms server: Invalid session id
[18:56:09] [main/INFO] (Minecraft) OpenAL initialized.
[18:56:09] [main/INFO] (Minecraft) Sound engine started
[18:56:09] [main/INFO] (Minecraft) Created: 1024x1024x4 minecraft:textures/atlas/blocks.png-atlas
[18:56:09] [main/INFO] (Minecraft) Created: 256x128x4 minecraft:textures/atlas/signs.png-atlas
[18:56:09] [main/INFO] (Minecraft) Created: 1024x512x4 minecraft:textures/atlas/banner_patterns.png-atlas
[18:56:09] [main/INFO] (Minecraft) Created: 1024x512x4 minecraft:textures/atlas/shield_patterns.png-atlas
[18:56:09] [main/INFO] (Minecraft) Created: 256x256x4 minecraft:textures/atlas/chest.png-atlas
[18:56:09] [main/INFO] (Minecraft) Created: 512x256x4 minecraft:textures/atlas/beds.png-atlas
[18:56:09] [main/INFO] (Minecraft) Created: 512x256x4 minecraft:textures/atlas/shulker_boxes.png-atlas
[18:56:09] [main/INFO] (Minecraft) Created: 256x256x0 minecraft:textures/atlas/particles.png-atlas
[18:56:09] [main/INFO] (Minecraft) Created: 256x256x0 minecraft:textures/atlas/paintings.png-atlas
[18:56:09] [main/INFO] (Minecraft) Created: 256x128x0 minecraft:textures/atlas/mob_effects.png-atlas
[18:56:16] [main/WARN] (Minecraft) Ambiguity between arguments [teleport, destination] and [teleport, targets] with inputs: [Player, 0123, @e, dd12be42-52a9-4a91-a8a1-11c01849e498]
[18:56:16] [main/WARN] (Minecraft) Ambiguity between arguments [teleport, location] and [teleport, destination] with inputs: [0.1 -0.5 .9, 0 0 0]
[18:56:16] [main/WARN] (Minecraft) Ambiguity between arguments [teleport, location] and [teleport, targets] with inputs: [0.1 -0.5 .9, 0 0 0]
[18:56:16] [main/WARN] (Minecraft) Ambiguity between arguments [teleport, targets] and [teleport, destination] with inputs: [Player, 0123, dd12be42-52a9-4a91-a8a1-11c01849e498]
[18:56:16] [main/WARN] (Minecraft) Ambiguity between arguments [teleport, targets, location] and [teleport, targets, destination] with inputs: [0.1 -0.5 .9, 0 0 0]
[18:56:16] [main/INFO] (Minecraft) Reloading ResourceManager: Default, Fabric Mods (Fabric Tool Attribute API (v1))
[18:56:16] [main/INFO] (Minecraft) Loaded 7 recipes
[18:56:17] [main/INFO] (Minecraft) Loaded 927 advancements
[18:56:17] [main/INFO] (BiomeModificationImpl) Applied 0 biome modifications to 0 of 79 new biomes in 1.102 ms
[18:56:17] [main/INFO] (Minecraft) Environment: authHost='https://authserver.mojang.com', accountsHost='https://api.mojang.com', sessionHost='https://sessionserver.mojang.com', servicesHost='https://api.minecraftservices.com', name='PROD'
[18:56:17] [Server thread/INFO] (Minecraft) Starting integrated minecraft server version 1.16.5
[18:56:17] [Server thread/INFO] (Minecraft) Generating keypair
[18:56:19] [Server thread/INFO] (Minecraft) Preparing start region for dimension minecraft:overworld
[18:56:19] [main/INFO] (Minecraft) Preparing spawn area: 0%
[18:56:20] [main/INFO] (Minecraft) Preparing spawn area: 1%
[18:56:20] [main/INFO] (Minecraft) Preparing spawn area: 6%
[18:56:21] [main/INFO] (Minecraft) Preparing spawn area: 13%
[18:56:21] [main/INFO] (Minecraft) Preparing spawn area: 20%
[18:56:22] [main/INFO] (Minecraft) Preparing spawn area: 27%
[18:56:22] [main/INFO] (Minecraft) Preparing spawn area: 34%
[18:56:23] [main/INFO] (Minecraft) Preparing spawn area: 40%
[18:56:23] [main/INFO] (Minecraft) Preparing spawn area: 44%
[18:56:24] [main/INFO] (Minecraft) Preparing spawn area: 51%
[18:56:24] [main/INFO] (Minecraft) Preparing spawn area: 59%
[18:56:25] [main/INFO] (Minecraft) Preparing spawn area: 66%
[18:56:25] [main/INFO] (Minecraft) Preparing spawn area: 72%
[18:56:26] [main/INFO] (Minecraft) Preparing spawn area: 79%
[18:56:26] [main/INFO] (Minecraft) Preparing spawn area: 87%
[18:56:27] [main/INFO] (Minecraft) Preparing spawn area: 93%
[18:56:27] [main/INFO] (Minecraft) Time elapsed: 7891 ms
[18:56:27] [Server thread/INFO] (Minecraft) Changing view distance to 11, from 10
[18:56:27] [Server thread/INFO] (Minecraft) Player75[local:E:0d4cc30e] logged in with entity id 80 at (-36.5, 70.0, -70.5)
[18:56:27] [Server thread/INFO] (Minecraft) Player75 joined the game
[18:56:28] [Server thread/INFO] (Minecraft) Saving and pausing game...
[18:56:28] [Server thread/INFO] (Minecraft) Saving chunks for level 'ServerLevel[New World]'/minecraft:overworld
[18:56:28] [main/INFO] (Minecraft) Loaded 0 advancements
[18:56:28] [Server thread/INFO] (Minecraft) Saving chunks for level 'ServerLevel[New World]'/minecraft:the_nether
[18:56:28] [Server thread/INFO] (Minecraft) Saving chunks for level 'ServerLevel[New World]'/minecraft:the_end
[18:56:35] [Server thread/INFO] (Minecraft) Saving and pausing game...
[18:56:35] [Server thread/INFO] (Minecraft) Saving chunks for level 'ServerLevel[New World]'/minecraft:overworld
[18:56:36] [Server thread/INFO] (Minecraft) Saving chunks for level 'ServerLevel[New World]'/minecraft:the_nether
[18:56:36] [Server thread/INFO] (Minecraft) Saving chunks for level 'ServerLevel[New World]'/minecraft:the_end
[18:56:42] [Server thread/INFO] (Minecraft) Saving and pausing game...
[18:56:42] [Server thread/INFO] (Minecraft) Saving chunks for level 'ServerLevel[New World]'/minecraft:overworld
[18:56:42] [Server thread/INFO] (Minecraft) Saving chunks for level 'ServerLevel[New World]'/minecraft:the_nether
[18:56:42] [Server thread/INFO] (Minecraft) Saving chunks for level 'ServerLevel[New World]'/minecraft:the_end
[19:07:12] [main/INFO] (Minecraft) Loaded 7 advancements
[19:07:31] [Server thread/INFO] (Minecraft) Saving and pausing game...
[19:07:31] [Server thread/INFO] (Minecraft) Saving chunks for level 'ServerLevel[New World]'/minecraft:overworld
[19:07:32] [Server thread/INFO] (Minecraft) Saving chunks for level 'ServerLevel[New World]'/minecraft:the_nether
[19:07:32] [Server thread/INFO] (Minecraft) Saving chunks for level 'ServerLevel[New World]'/minecraft:the_end
[19:07:36] [Server thread/INFO] (Minecraft) Saving and pausing game...
[19:07:36] [Server thread/INFO] (Minecraft) Saving chunks for level 'ServerLevel[New World]'/minecraft:overworld
[19:07:37] [Server thread/INFO] (Minecraft) Saving chunks for level 'ServerLevel[New World]'/minecraft:the_nether
[19:07:37] [Server thread/INFO] (Minecraft) Saving chunks for level 'ServerLevel[New World]'/minecraft:the_end
[19:07:41] [Server thread/INFO] (Minecraft) Saving and pausing game...
[19:07:41] [Server thread/INFO] (Minecraft) Saving chunks for level 'ServerLevel[New World]'/minecraft:overworld
[19:07:41] [Server thread/INFO] (Minecraft) Saving chunks for level 'ServerLevel[New World]'/minecraft:the_nether
[19:07:41] [Server thread/INFO] (Minecraft) Saving chunks for level 'ServerLevel[New World]'/minecraft:the_end
[19:08:31] [Server thread/INFO] (Minecraft) Saving and pausing game...
[19:08:31] [Server thread/INFO] (Minecraft) Saving chunks for level 'ServerLevel[New World]'/minecraft:overworld
[19:08:32] [Server thread/INFO] (Minecraft) Saving chunks for level 'ServerLevel[New World]'/minecraft:the_nether
[19:08:32] [Server thread/INFO] (Minecraft) Saving chunks for level 'ServerLevel[New World]'/minecraft:the_end
[19:13:00] [main/INFO] (Minecraft) [CHAT] Saved screenshot as 2024-12-14_19.13.00.png
[19:13:14] [Server thread/INFO] (Minecraft) Saving and pausing game...
[19:13:14] [Server thread/INFO] (Minecraft) Saving chunks for level 'ServerLevel[New World]'/minecraft:overworld
[19:13:15] [Server thread/INFO] (Minecraft) Saving chunks for level 'ServerLevel[New World]'/minecraft:the_nether
[19:13:15] [Server thread/INFO] (Minecraft) Saving chunks for level 'ServerLevel[New World]'/minecraft:the_end
